<?xml version="1.0" encoding="UTF-8"?>
<robot generator="Robot 7.0 (Python 3.12.3 on linux)" generated="2024-05-24T01:32:25.865103" rpa="false" schemaversion="5">
<suite id="s1" name="Index" source="/home/jpsantos/projetos/automacao/mb/front_robot/Client/index.robot">
<test id="s1-t1" name="CT: Logar com sucesso" line="8">
<kw name="CT: Login com sucesso" owner="login">
<kw name="Dado que o usuário esteja na home" owner="login">
<kw name="Open Browser" owner="SeleniumLibrary">
<msg time="2024-05-24T01:32:25.959025" level="INFO">Opening browser 'Chrome' to base url 'https://www.saucedemo.com/'.</msg>
<arg>https://www.saucedemo.com/</arg>
<arg>Chrome</arg>
<doc>Opens a new browser instance to the optional ``url``.</doc>
<status status="PASS" start="2024-05-24T01:32:25.958764" elapsed="1.893844"/>
</kw>
<kw name="Maximize Browser Window" owner="SeleniumLibrary">
<doc>Maximizes current browser window.</doc>
<status status="PASS" start="2024-05-24T01:32:27.852936" elapsed="0.040965"/>
</kw>
<kw name="Sleep" owner="BuiltIn">
<msg time="2024-05-24T01:32:30.895117" level="INFO">Slept 3 seconds.</msg>
<arg>3s</arg>
<doc>Pauses the test executed for the given time.</doc>
<status status="PASS" start="2024-05-24T01:32:27.894498" elapsed="3.000908"/>
</kw>
<status status="PASS" start="2024-05-24T01:32:25.957987" elapsed="4.937719"/>
</kw>
<kw name="Quando informar credenciais válidas" owner="login">
<kw name="Input Text" owner="SeleniumLibrary">
<msg time="2024-05-24T01:32:30.897421" level="INFO">Typing text 'standard_user' into text field '//input[@id='user-name']'.</msg>
<arg>//input[@id='user-name']</arg>
<arg>standard_user</arg>
<doc>Types the given ``text`` into the text field identified by ``locator``.</doc>
<status status="PASS" start="2024-05-24T01:32:30.896769" elapsed="0.139571"/>
</kw>
<kw name="Input Text" owner="SeleniumLibrary">
<msg time="2024-05-24T01:32:31.036709" level="INFO">Typing text 'secret_sauce' into text field '//input[@id='password']'.</msg>
<arg>//input[@id='password']</arg>
<arg>secret_sauce</arg>
<doc>Types the given ``text`` into the text field identified by ``locator``.</doc>
<status status="PASS" start="2024-05-24T01:32:31.036513" elapsed="0.103540"/>
</kw>
<kw name="Sleep" owner="BuiltIn">
<msg time="2024-05-24T01:32:34.141270" level="INFO">Slept 3 seconds.</msg>
<arg>3s</arg>
<doc>Pauses the test executed for the given time.</doc>
<status status="PASS" start="2024-05-24T01:32:31.140338" elapsed="3.001212"/>
</kw>
<status status="PASS" start="2024-05-24T01:32:30.896158" elapsed="3.245645"/>
</kw>
<kw name="Então realizara login com sucesso" owner="login">
<kw name="Click Button" owner="SeleniumLibrary">
<msg time="2024-05-24T01:32:34.144750" level="INFO">Clicking button '//input[@id='login-button']'.</msg>
<arg>//input[@id='login-button']</arg>
<doc>Clicks the button identified by ``locator``.</doc>
<status status="PASS" start="2024-05-24T01:32:34.143860" elapsed="0.135049"/>
</kw>
<kw name="Wait Until Element Is Visible" owner="SeleniumLibrary">
<arg>//div[@class='app_logo'][contains(.,'Swag Labs')]</arg>
<arg>5s</arg>
<doc>Waits until the element ``locator`` is visible.</doc>
<status status="PASS" start="2024-05-24T01:32:34.279171" elapsed="0.035014"/>
</kw>
<kw name="Sleep" owner="BuiltIn">
<msg time="2024-05-24T01:32:37.315059" level="INFO">Slept 3 seconds.</msg>
<arg>3s</arg>
<doc>Pauses the test executed for the given time.</doc>
<status status="PASS" start="2024-05-24T01:32:34.314455" elapsed="3.000952"/>
</kw>
<status status="PASS" start="2024-05-24T01:32:34.142401" elapsed="3.173381"/>
</kw>
<status status="PASS" start="2024-05-24T01:32:25.957400" elapsed="11.358597"/>
</kw>
<status status="PASS" start="2024-05-24T01:32:25.956897" elapsed="11.359804"/>
</test>
<status status="PASS" start="2024-05-24T01:32:25.865851" elapsed="11.452865"/>
</suite>
<statistics>
<total>
<stat pass="1" fail="0" skip="0">All Tests</stat>
</total>
<tag>
</tag>
<suite>
<stat pass="1" fail="0" skip="0" id="s1" name="Index">Index</stat>
</suite>
</statistics>
<errors>
</errors>
</robot>
